Using pre-set license
Built from '2021.2/staging' branch; Version is '2021.2.13f1 (90b6766da538) revision 9483894'; Using compiler version '192829333'; Build Type 'Release'
OS: 'Windows 11  (10.0.22000) 64bit Core' Language: 'en' Physical Memory: 16245 MB
BatchMode: 1, IsHumanControllingUs: 0, StartBugReporterOnCrash: 0, Is64bit: 1, IsPro: 1

COMMAND LINE ARGUMENTS:
C:\Program Files (x86)\Unity\2021.2.13f1\Editor\Unity.exe
-adb2
-batchMode
-noUpm
-name
AssetImportWorker2
-projectPath
C:/dev/git/NotReaper
-logFile
Logs/AssetImportWorker2.log
-srvPort
54304
Successfully changed project path to: C:/dev/git/NotReaper
C:/dev/git/NotReaper
[UnityMemory] Configuration Parameters - Can be set up in boot.config
    "memorysetup-bucket-allocator-granularity=16"
    "memorysetup-bucket-allocator-bucket-count=8"
    "memorysetup-bucket-allocator-block-size=33554432"
    "memorysetup-bucket-allocator-block-count=8"
    "memorysetup-main-allocator-block-size=16777216"
    "memorysetup-thread-allocator-block-size=16777216"
    "memorysetup-gfx-main-allocator-block-size=16777216"
    "memorysetup-gfx-thread-allocator-block-size=16777216"
    "memorysetup-cache-allocator-block-size=4194304"
    "memorysetup-typetree-allocator-block-size=2097152"
    "memorysetup-profiler-bucket-allocator-granularity=16"
    "memorysetup-profiler-bucket-allocator-bucket-count=8"
    "memorysetup-profiler-bucket-allocator-block-size=33554432"
    "memorysetup-profiler-bucket-allocator-block-count=8"
    "memorysetup-profiler-allocator-block-size=16777216"
    "memorysetup-profiler-editor-allocator-block-size=1048576"
    "memorysetup-temp-allocator-size-main=16777216"
    "memorysetup-job-temp-allocator-block-size=2097152"
    "memorysetup-job-temp-allocator-block-size-background=1048576"
    "memorysetup-job-temp-allocator-reduction-small-platforms=262144"
    "memorysetup-temp-allocator-size-background-worker=32768"
    "memorysetup-temp-allocator-size-job-worker=262144"
    "memorysetup-temp-allocator-size-preload-manager=33554432"
    "memorysetup-temp-allocator-size-nav-mesh-worker=65536"
    "memorysetup-temp-allocator-size-audio-worker=65536"
    "memorysetup-temp-allocator-size-cloud-worker=32768"
    "memorysetup-temp-allocator-size-gi-baking-worker=262144"
    "memorysetup-temp-allocator-size-gfx=262144"
Refreshing native plugins compatible for Editor in 105.56 ms, found 3 plugins.
Preloading 0 native plugins for Editor in 0.00 ms.
Initialize engine version: 2021.2.13f1 (90b6766da538)
[Subsystems] Discovering subsystems at path C:/Program Files (x86)/Unity/2021.2.13f1/Editor/Data/Resources/UnitySubsystems
[Subsystems] Discovering subsystems at path C:/dev/git/NotReaper/Assets
GfxDevice: creating device client; threaded=0; jobified=0
Direct3D:
    Version:  Direct3D 11.0 [level 11.1]
    Renderer: NVIDIA GeForce RTX 2080 (ID=0x1e87)
    Vendor:   NVIDIA
    VRAM:     8010 MB
    Driver:   30.0.14.9729
Initialize mono
Mono path[0] = 'C:/Program Files (x86)/Unity/2021.2.13f1/Editor/Data/Managed'
Mono path[1] = 'C:/Program Files (x86)/Unity/2021.2.13f1/Editor/Data/MonoBleedingEdge/lib/mono/unityjit-win32'
Mono config path = 'C:/Program Files (x86)/Unity/2021.2.13f1/Editor/Data/MonoBleedingEdge/etc'
Using monoOptions --debugger-agent=transport=dt_socket,embedding=1,server=y,suspend=n,address=127.0.0.1:56656
Begin MonoManager ReloadAssembly
Registering precompiled unity dll's ...
Register platform support module: C:/Program Files (x86)/Unity/2021.2.13f1/Editor/Data/PlaybackEngines/WindowsStandaloneSupport/UnityEditor.WindowsStandalone.Extensions.dll
Registered in 0.003898 seconds.
Native extension for WindowsStandalone target not found
Refreshing native plugins compatible for Editor in 102.47 ms, found 3 plugins.
Preloading 0 native plugins for Editor in 0.00 ms.
Mono: successfully reloaded assembly
- Completed reload, in  0.938 seconds
Domain Reload Profiling:
	ReloadAssembly (939ms)
		BeginReloadAssembly (88ms)
			ExecutionOrderSort (0ms)
			DisableScriptedObjects (0ms)
			BackupInstance (0ms)
			ReleaseScriptingObjects (0ms)
			CreateAndSetChildDomain (1ms)
		EndReloadAssembly (708ms)
			LoadAssemblies (86ms)
			RebuildTransferFunctionScriptingTraits (0ms)
			SetupTypeCache (162ms)
			ReleaseScriptCaches (0ms)
			RebuildScriptCaches (41ms)
			SetupLoadedEditorAssemblies (443ms)
				LogAssemblyErrors (0ms)
				InitializePlatformSupportModulesInManaged (9ms)
				SetLoadedEditorAssemblies (0ms)
				RefreshPlugins (103ms)
				BeforeProcessingInitializeOnLoad (2ms)
				ProcessInitializeOnLoadAttributes (263ms)
				ProcessInitializeOnLoadMethodAttributes (66ms)
				AfterProcessingInitializeOnLoad (0ms)
				EditorAssembliesLoaded (0ms)
			ExecutionOrderSort2 (0ms)
			AwakeInstancesAfterBackupRestoration (0ms)
Platform modules already initialized, skipping
Registering precompiled user dll's ...
Registered in 0.018800 seconds.
Begin MonoManager ReloadAssembly
Symbol file LoadedFromMemory doesn't match image C:\dev\git\NotReaper\Assets\DiscordRPC\Plugins\DiscordRPC.dll
Native extension for WindowsStandalone target not found
Refreshing native plugins compatible for Editor in 98.22 ms, found 3 plugins.
Preloading 0 native plugins for Editor in 0.00 ms.
Mono: successfully reloaded assembly
- Completed reload, in  4.487 seconds
Domain Reload Profiling:
	ReloadAssembly (4488ms)
		BeginReloadAssembly (159ms)
			ExecutionOrderSort (0ms)
			DisableScriptedObjects (9ms)
			BackupInstance (0ms)
			ReleaseScriptingObjects (0ms)
			CreateAndSetChildDomain (34ms)
		EndReloadAssembly (4183ms)
			LoadAssemblies (125ms)
			RebuildTransferFunctionScriptingTraits (0ms)
			SetupTypeCache (469ms)
			ReleaseScriptCaches (1ms)
			RebuildScriptCaches (100ms)
			SetupLoadedEditorAssemblies (3428ms)
				LogAssemblyErrors (0ms)
				InitializePlatformSupportModulesInManaged (11ms)
				SetLoadedEditorAssemblies (0ms)
				RefreshPlugins (98ms)
				BeforeProcessingInitializeOnLoad (159ms)
				ProcessInitializeOnLoadAttributes (2996ms)
				ProcessInitializeOnLoadMethodAttributes (157ms)
				AfterProcessingInitializeOnLoad (7ms)
				EditorAssembliesLoaded (0ms)
			ExecutionOrderSort2 (0ms)
			AwakeInstancesAfterBackupRestoration (10ms)
Platform modules already initialized, skipping
========================================================================
Worker process is ready to serve import requests
Launched and connected shader compiler UnityShaderCompiler.exe after 0.08 seconds
Refreshing native plugins compatible for Editor in 1.36 ms, found 3 plugins.
Preloading 0 native plugins for Editor in 0.00 ms.
Unloading 4366 Unused Serialized files (Serialized files now loaded: 0)
Unloading 78 unused Assets / (1.9 MB). Loaded Objects now: 4868.
Memory consumption went from 340.6 MB to 338.6 MB.
Total: 35.702100 ms (FindLiveObjects: 0.359300 ms CreateObjectMapping: 0.318800 ms MarkObjects: 34.422000 ms  DeleteObjects: 0.601000 ms)

AssetImportParameters requested are different than current active one (requested -> active):
  custom:video-decoder-ogg-theora: a1e56fd34408186e4bbccfd4996cb3dc -> 
  custom:container-muxer-webm: aa71ff27fc2769a1b78a27578f13a17b -> 
  custom:container-demuxer-webm: 4f35f7cbe854078d1ac9338744f61a02 -> 
  custom:video-encoder-webm-vp8: eb34c28f22e8b96e1ab97ce403110664 -> 
  custom:audio-encoder-webm-vorbis: bf7c407c2cedff20999df2af8eb42d56 -> 
  custom:framework-win-MediaFoundation: 216162199b28c13a410421893ffa2e32 -> 
  custom:container-demuxer-ogg: 62fdf1f143b41e24485cea50d1cbac27 -> 
  custom:video-decoder-webm-vp8: 9c59270c3fd7afecdb556c50c9e8de78 -> 
  custom:audio-decoder-ogg-vorbis: bf7c407c2cedff20999df2af8eb42d56 -> 
========================================================================
Received Import Request.
  Time since last request: 4758.128417 seconds.
  path: Assets/Images/fullsize.png
  artifactKey: Guid(6d3ef0e8bb2ce3f44bb4d18ff9fc0380) Importer(815301076,1909f56bfc062723c751e8b465ee728b)
Start importing Assets/Images/fullsize.png using Guid(6d3ef0e8bb2ce3f44bb4d18ff9fc0380) Importer(815301076,1909f56bfc062723c751e8b465ee728b)  -> (artifact id: '9092b62a7a4675ec054c1768fcf768e1') in 0.156474 seconds 
========================================================================
Received Import Request.
  Time since last request: 0.000027 seconds.
  path: Assets/Images/panelGradient.png
  artifactKey: Guid(ab31bcc9210a90c41a63cd2b8e41c1da) Importer(815301076,1909f56bfc062723c751e8b465ee728b)
Start importing Assets/Images/panelGradient.png using Guid(ab31bcc9210a90c41a63cd2b8e41c1da) Importer(815301076,1909f56bfc062723c751e8b465ee728b)  -> (artifact id: 'f818521a801f18b4419c58e9f92e15cd') in 0.174101 seconds 
========================================================================
Received Import Request.
  Time since last request: 0.000029 seconds.
  path: Assets/Images/cursor_tint.png
  artifactKey: Guid(3631d54e0214f7f479a948bb8ce5cb54) Importer(815301076,1909f56bfc062723c751e8b465ee728b)
Start importing Assets/Images/cursor_tint.png using Guid(3631d54e0214f7f479a948bb8ce5cb54) Importer(815301076,1909f56bfc062723c751e8b465ee728b)  -> (artifact id: '97b8d819b1c41050b0231595b9a4057f') in 0.026666 seconds 
========================================================================
Received Import Request.
  Time since last request: 0.000039 seconds.
  path: Assets/Images/timeline3-01-01.png
  artifactKey: Guid(96dd3f4816dce2c44a8156bb789588e3) Importer(815301076,1909f56bfc062723c751e8b465ee728b)
Start importing Assets/Images/timeline3-01-01.png using Guid(96dd3f4816dce2c44a8156bb789588e3) Importer(815301076,1909f56bfc062723c751e8b465ee728b)  -> (artifact id: 'cb8832e6e342b78b1427e4d44c8f2e29') in 0.027845 seconds 
========================================================================
Received Import Request.
  Time since last request: 0.000027 seconds.
  path: Assets/Images/UnityIcon.png
  artifactKey: Guid(ff4dfb29f203a174ab8e4c498afe908a) Importer(815301076,1909f56bfc062723c751e8b465ee728b)
Start importing Assets/Images/UnityIcon.png using Guid(ff4dfb29f203a174ab8e4c498afe908a) Importer(815301076,1909f56bfc062723c751e8b465ee728b)  -> (artifact id: '72bc3dd58f354cb9adcbb0ef9243482d') in 0.010724 seconds 
========================================================================
Received Import Request.
  Time since last request: 0.000024 seconds.
  path: Assets/Images/dropdownbordertinted (3).png
  artifactKey: Guid(cfd58c27dcdfaea43b6e8b39a76e69c9) Importer(815301076,1909f56bfc062723c751e8b465ee728b)
Start importing Assets/Images/dropdownbordertinted (3).png using Guid(cfd58c27dcdfaea43b6e8b39a76e69c9) Importer(815301076,1909f56bfc062723c751e8b465ee728b)  -> (artifact id: 'a3f8959a3faf7a86cb171912cb1dbc40') in 0.025977 seconds 
========================================================================
Received Import Request.
  Time since last request: 0.000042 seconds.
  path: Assets/Images/NRUndo@2x.png
  artifactKey: Guid(c6ec657c5d770dd418c304afe43fdfa8) Importer(815301076,1909f56bfc062723c751e8b465ee728b)
Start importing Assets/Images/NRUndo@2x.png using Guid(c6ec657c5d770dd418c304afe43fdfa8) Importer(815301076,1909f56bfc062723c751e8b465ee728b)  -> (artifact id: 'da253584cdc1f68ad3fde278fd9ce910') in 0.086058 seconds 
========================================================================
Received Import Request.
  Time since last request: 0.000041 seconds.
  path: Assets/Images/DragSelectSquareGrid.png
  artifactKey: Guid(79e1f99544204674782fee19b04f1837) Importer(815301076,1909f56bfc062723c751e8b465ee728b)
Start importing Assets/Images/DragSelectSquareGrid.png using Guid(79e1f99544204674782fee19b04f1837) Importer(815301076,1909f56bfc062723c751e8b465ee728b)  -> (artifact id: 'e74041b1f969225d0576c1eebafb390b') in 0.027912 seconds 
========================================================================
Received Import Request.
  Time since last request: 0.000034 seconds.
  path: Assets/Images/Gear-Filled@2x.png
  artifactKey: Guid(e5741244ab599964c8de451cffef314a) Importer(815301076,1909f56bfc062723c751e8b465ee728b)
Start importing Assets/Images/Gear-Filled@2x.png using Guid(e5741244ab599964c8de451cffef314a) Importer(815301076,1909f56bfc062723c751e8b465ee728b)  -> (artifact id: 'a66dad2a51a09879a753ece357b99de4') in 0.038876 seconds 
========================================================================
Received Import Request.
  Time since last request: 0.000020 seconds.
  path: Assets/Images/notlikethis.png
  artifactKey: Guid(eed5982491950394d9b63480c9c179f8) Importer(815301076,1909f56bfc062723c751e8b465ee728b)
Start importing Assets/Images/notlikethis.png using Guid(eed5982491950394d9b63480c9c179f8) Importer(815301076,1909f56bfc062723c751e8b465ee728b)  -> (artifact id: '5d442f58e4fb995019f6e63f3cf9b401') in 0.022263 seconds 
========================================================================
Received Import Request.
  Time since last request: 0.000093 seconds.
  path: Assets/Images/PanelDetail.png
  artifactKey: Guid(0348bab830d3a9e47b33e2c1e18f4a33) Importer(815301076,1909f56bfc062723c751e8b465ee728b)
Start importing Assets/Images/PanelDetail.png using Guid(0348bab830d3a9e47b33e2c1e18f4a33) Importer(815301076,1909f56bfc062723c751e8b465ee728b)  -> (artifact id: 'cac91f6afca9a4cbe2e6d60120f5f858') in 0.051502 seconds 
========================================================================
Received Import Request.
  Time since last request: 0.000039 seconds.
  path: Assets/Images/Folder@2x.png
  artifactKey: Guid(1bcc56e53cd7e624a8b0e7ae914a9d45) Importer(815301076,1909f56bfc062723c751e8b465ee728b)
Start importing Assets/Images/Folder@2x.png using Guid(1bcc56e53cd7e624a8b0e7ae914a9d45) Importer(815301076,1909f56bfc062723c751e8b465ee728b)  -> (artifact id: '92bf5f302a2aca30bba37859bbe0023f') in 0.048947 seconds 
========================================================================
Received Import Request.
  Time since last request: 0.000035 seconds.
  path: Assets/Images/cursor.png
  artifactKey: Guid(0c11560456522e94e93e0b3d66ced901) Importer(815301076,1909f56bfc062723c751e8b465ee728b)
Start importing Assets/Images/cursor.png using Guid(0c11560456522e94e93e0b3d66ced901) Importer(815301076,1909f56bfc062723c751e8b465ee728b)  -> (artifact id: 'b4fd7cdf8346973b2c19c5e75177e4ea') in 0.023738 seconds 
========================================================================
Received Import Request.
  Time since last request: 0.000033 seconds.
  path: Assets/Images/ReverseTarget@2x.png
  artifactKey: Guid(01d67a3b541db0349a3eda91c9c0bbfd) Importer(815301076,1909f56bfc062723c751e8b465ee728b)
Start importing Assets/Images/ReverseTarget@2x.png using Guid(01d67a3b541db0349a3eda91c9c0bbfd) Importer(815301076,1909f56bfc062723c751e8b465ee728b)  -> (artifact id: '9523170519b441494d1bebdc5342d357') in 0.095381 seconds 
Editor requested this worker to shutdown with reason: Scaling down because of idle timeout
AssetImportWorker is now disconnected from the server
Process exiting
Exiting without the bug reporter. Application will terminate with return code 0