Using pre-set license
Built from '2021.2/staging' branch; Version is '2021.2.13f1 (90b6766da538) revision 9483894'; Using compiler version '192829333'; Build Type 'Release'
OS: 'Windows 11  (10.0.22000) 64bit Core' Language: 'en' Physical Memory: 16245 MB
BatchMode: 1, IsHumanControllingUs: 0, StartBugReporterOnCrash: 0, Is64bit: 1, IsPro: 1

COMMAND LINE ARGUMENTS:
C:\Program Files (x86)\Unity\2021.2.13f1\Editor\Unity.exe
-adb2
-batchMode
-noUpm
-name
AssetImportWorker7
-projectPath
C:/dev/git/NotReaper
-logFile
Logs/AssetImportWorker7.log
-srvPort
54304
Successfully changed project path to: C:/dev/git/NotReaper
C:/dev/git/NotReaper
[UnityMemory] Configuration Parameters - Can be set up in boot.config
    "memorysetup-bucket-allocator-granularity=16"
    "memorysetup-bucket-allocator-bucket-count=8"
    "memorysetup-bucket-allocator-block-size=33554432"
    "memorysetup-bucket-allocator-block-count=8"
    "memorysetup-main-allocator-block-size=16777216"
    "memorysetup-thread-allocator-block-size=16777216"
    "memorysetup-gfx-main-allocator-block-size=16777216"
    "memorysetup-gfx-thread-allocator-block-size=16777216"
    "memorysetup-cache-allocator-block-size=4194304"
    "memorysetup-typetree-allocator-block-size=2097152"
    "memorysetup-profiler-bucket-allocator-granularity=16"
    "memorysetup-profiler-bucket-allocator-bucket-count=8"
    "memorysetup-profiler-bucket-allocator-block-size=33554432"
    "memorysetup-profiler-bucket-allocator-block-count=8"
    "memorysetup-profiler-allocator-block-size=16777216"
    "memorysetup-profiler-editor-allocator-block-size=1048576"
    "memorysetup-temp-allocator-size-main=16777216"
    "memorysetup-job-temp-allocator-block-size=2097152"
    "memorysetup-job-temp-allocator-block-size-background=1048576"
    "memorysetup-job-temp-allocator-reduction-small-platforms=262144"
    "memorysetup-temp-allocator-size-background-worker=32768"
    "memorysetup-temp-allocator-size-job-worker=262144"
    "memorysetup-temp-allocator-size-preload-manager=33554432"
    "memorysetup-temp-allocator-size-nav-mesh-worker=65536"
    "memorysetup-temp-allocator-size-audio-worker=65536"
    "memorysetup-temp-allocator-size-cloud-worker=32768"
    "memorysetup-temp-allocator-size-gi-baking-worker=262144"
    "memorysetup-temp-allocator-size-gfx=262144"
Refreshing native plugins compatible for Editor in 87.22 ms, found 3 plugins.
Preloading 0 native plugins for Editor in 0.00 ms.
Initialize engine version: 2021.2.13f1 (90b6766da538)
[Subsystems] Discovering subsystems at path C:/Program Files (x86)/Unity/2021.2.13f1/Editor/Data/Resources/UnitySubsystems
[Subsystems] Discovering subsystems at path C:/dev/git/NotReaper/Assets
GfxDevice: creating device client; threaded=0; jobified=0
Direct3D:
    Version:  Direct3D 11.0 [level 11.1]
    Renderer: NVIDIA GeForce RTX 2080 (ID=0x1e87)
    Vendor:   NVIDIA
    VRAM:     8010 MB
    Driver:   30.0.14.9729
Initialize mono
Mono path[0] = 'C:/Program Files (x86)/Unity/2021.2.13f1/Editor/Data/Managed'
Mono path[1] = 'C:/Program Files (x86)/Unity/2021.2.13f1/Editor/Data/MonoBleedingEdge/lib/mono/unityjit-win32'
Mono config path = 'C:/Program Files (x86)/Unity/2021.2.13f1/Editor/Data/MonoBleedingEdge/etc'
Using monoOptions --debugger-agent=transport=dt_socket,embedding=1,server=y,suspend=n,address=127.0.0.1:56684
Begin MonoManager ReloadAssembly
Registering precompiled unity dll's ...
Register platform support module: C:/Program Files (x86)/Unity/2021.2.13f1/Editor/Data/PlaybackEngines/WindowsStandaloneSupport/UnityEditor.WindowsStandalone.Extensions.dll
Registered in 0.004539 seconds.
Native extension for WindowsStandalone target not found
Refreshing native plugins compatible for Editor in 103.45 ms, found 3 plugins.
Preloading 0 native plugins for Editor in 0.00 ms.
Mono: successfully reloaded assembly
- Completed reload, in  0.749 seconds
Domain Reload Profiling:
	ReloadAssembly (750ms)
		BeginReloadAssembly (74ms)
			ExecutionOrderSort (0ms)
			DisableScriptedObjects (0ms)
			BackupInstance (0ms)
			ReleaseScriptingObjects (0ms)
			CreateAndSetChildDomain (1ms)
		EndReloadAssembly (549ms)
			LoadAssemblies (71ms)
			RebuildTransferFunctionScriptingTraits (0ms)
			SetupTypeCache (127ms)
			ReleaseScriptCaches (0ms)
			RebuildScriptCaches (33ms)
			SetupLoadedEditorAssemblies (332ms)
				LogAssemblyErrors (0ms)
				InitializePlatformSupportModulesInManaged (9ms)
				SetLoadedEditorAssemblies (0ms)
				RefreshPlugins (104ms)
				BeforeProcessingInitializeOnLoad (2ms)
				ProcessInitializeOnLoadAttributes (168ms)
				ProcessInitializeOnLoadMethodAttributes (50ms)
				AfterProcessingInitializeOnLoad (0ms)
				EditorAssembliesLoaded (0ms)
			ExecutionOrderSort2 (0ms)
			AwakeInstancesAfterBackupRestoration (0ms)
Platform modules already initialized, skipping
Registering precompiled user dll's ...
Registered in 0.013455 seconds.
Begin MonoManager ReloadAssembly
Symbol file LoadedFromMemory doesn't match image C:\dev\git\NotReaper\Assets\DiscordRPC\Plugins\DiscordRPC.dll
Native extension for WindowsStandalone target not found
Refreshing native plugins compatible for Editor in 116.88 ms, found 3 plugins.
Preloading 0 native plugins for Editor in 0.00 ms.
Mono: successfully reloaded assembly
- Completed reload, in  3.505 seconds
Domain Reload Profiling:
	ReloadAssembly (3506ms)
		BeginReloadAssembly (116ms)
			ExecutionOrderSort (0ms)
			DisableScriptedObjects (9ms)
			BackupInstance (0ms)
			ReleaseScriptingObjects (0ms)
			CreateAndSetChildDomain (22ms)
		EndReloadAssembly (3278ms)
			LoadAssemblies (88ms)
			RebuildTransferFunctionScriptingTraits (0ms)
			SetupTypeCache (358ms)
			ReleaseScriptCaches (1ms)
			RebuildScriptCaches (97ms)
			SetupLoadedEditorAssemblies (2666ms)
				LogAssemblyErrors (0ms)
				InitializePlatformSupportModulesInManaged (14ms)
				SetLoadedEditorAssemblies (0ms)
				RefreshPlugins (117ms)
				BeforeProcessingInitializeOnLoad (161ms)
				ProcessInitializeOnLoadAttributes (2250ms)
				ProcessInitializeOnLoadMethodAttributes (118ms)
				AfterProcessingInitializeOnLoad (6ms)
				EditorAssembliesLoaded (0ms)
			ExecutionOrderSort2 (0ms)
			AwakeInstancesAfterBackupRestoration (7ms)
Platform modules already initialized, skipping
========================================================================
Worker process is ready to serve import requests
Launched and connected shader compiler UnityShaderCompiler.exe after 0.08 seconds
Refreshing native plugins compatible for Editor in 1.17 ms, found 3 plugins.
Preloading 0 native plugins for Editor in 0.00 ms.
Unloading 4366 Unused Serialized files (Serialized files now loaded: 0)
Unloading 78 unused Assets / (1.9 MB). Loaded Objects now: 4868.
Memory consumption went from 340.6 MB to 338.6 MB.
Total: 28.974600 ms (FindLiveObjects: 0.355500 ms CreateObjectMapping: 0.556200 ms MarkObjects: 27.207000 ms  DeleteObjects: 0.854900 ms)

AssetImportParameters requested are different than current active one (requested -> active):
  custom:video-decoder-ogg-theora: a1e56fd34408186e4bbccfd4996cb3dc -> 
  custom:container-muxer-webm: aa71ff27fc2769a1b78a27578f13a17b -> 
  custom:container-demuxer-webm: 4f35f7cbe854078d1ac9338744f61a02 -> 
  custom:video-encoder-webm-vp8: eb34c28f22e8b96e1ab97ce403110664 -> 
  custom:audio-encoder-webm-vorbis: bf7c407c2cedff20999df2af8eb42d56 -> 
  custom:framework-win-MediaFoundation: 216162199b28c13a410421893ffa2e32 -> 
  custom:container-demuxer-ogg: 62fdf1f143b41e24485cea50d1cbac27 -> 
  custom:video-decoder-webm-vp8: 9c59270c3fd7afecdb556c50c9e8de78 -> 
  custom:audio-decoder-ogg-vorbis: bf7c407c2cedff20999df2af8eb42d56 -> 
========================================================================
Received Prepare
Registering precompiled user dll's ...
Registered in 0.014700 seconds.
Begin MonoManager ReloadAssembly
Symbol file LoadedFromMemory doesn't match image C:\dev\git\NotReaper\Assets\DiscordRPC\Plugins\DiscordRPC.dll
Native extension for WindowsStandalone target not found
Refreshing native plugins compatible for Editor in 1.46 ms, found 3 plugins.
Preloading 0 native plugins for Editor in 0.00 ms.
Mono: successfully reloaded assembly
- Completed reload, in  3.267 seconds
Domain Reload Profiling:
	ReloadAssembly (3268ms)
		BeginReloadAssembly (184ms)
			ExecutionOrderSort (0ms)
			DisableScriptedObjects (9ms)
			BackupInstance (0ms)
			ReleaseScriptingObjects (0ms)
			CreateAndSetChildDomain (76ms)
		EndReloadAssembly (2958ms)
			LoadAssemblies (100ms)
			RebuildTransferFunctionScriptingTraits (0ms)
			SetupTypeCache (370ms)
			ReleaseScriptCaches (2ms)
			RebuildScriptCaches (102ms)
			SetupLoadedEditorAssemblies (2313ms)
				LogAssemblyErrors (0ms)
				InitializePlatformSupportModulesInManaged (14ms)
				SetLoadedEditorAssemblies (1ms)
				RefreshPlugins (2ms)
				BeforeProcessingInitializeOnLoad (142ms)
				ProcessInitializeOnLoadAttributes (2027ms)
				ProcessInitializeOnLoadMethodAttributes (121ms)
				AfterProcessingInitializeOnLoad (7ms)
				EditorAssembliesLoaded (0ms)
			ExecutionOrderSort2 (0ms)
			AwakeInstancesAfterBackupRestoration (9ms)
Platform modules already initialized, skipping
Refreshing native plugins compatible for Editor in 5.89 ms, found 3 plugins.
Preloading 0 native plugins for Editor in 0.00 ms.
Unloading 4164 Unused Serialized files (Serialized files now loaded: 0)
Unloading 66 unused Assets / (1.9 MB). Loaded Objects now: 4870.
Memory consumption went from 317.5 MB to 315.5 MB.
Total: 45.417500 ms (FindLiveObjects: 0.335500 ms CreateObjectMapping: 0.403000 ms MarkObjects: 44.181700 ms  DeleteObjects: 0.496200 ms)

AssetImportParameters requested are different than current active one (requested -> active):
  custom:video-decoder-ogg-theora: a1e56fd34408186e4bbccfd4996cb3dc -> 
  custom:container-muxer-webm: aa71ff27fc2769a1b78a27578f13a17b -> 
  custom:container-demuxer-webm: 4f35f7cbe854078d1ac9338744f61a02 -> 
  custom:video-encoder-webm-vp8: eb34c28f22e8b96e1ab97ce403110664 -> 
  custom:audio-encoder-webm-vorbis: bf7c407c2cedff20999df2af8eb42d56 -> 
  custom:framework-win-MediaFoundation: 216162199b28c13a410421893ffa2e32 -> 
  custom:container-demuxer-ogg: 62fdf1f143b41e24485cea50d1cbac27 -> 
  custom:video-decoder-webm-vp8: 9c59270c3fd7afecdb556c50c9e8de78 -> 
  custom:audio-decoder-ogg-vorbis: bf7c407c2cedff20999df2af8eb42d56 -> 
========================================================================
Received Prepare
Registering precompiled user dll's ...
Registered in 0.015821 seconds.
Begin MonoManager ReloadAssembly
Symbol file LoadedFromMemory doesn't match image C:\dev\git\NotReaper\Assets\DiscordRPC\Plugins\DiscordRPC.dll
Native extension for WindowsStandalone target not found
Refreshing native plugins compatible for Editor in 1.03 ms, found 3 plugins.
Preloading 0 native plugins for Editor in 0.00 ms.
Mono: successfully reloaded assembly
- Completed reload, in  3.181 seconds
Domain Reload Profiling:
	ReloadAssembly (3182ms)
		BeginReloadAssembly (193ms)
			ExecutionOrderSort (0ms)
			DisableScriptedObjects (8ms)
			BackupInstance (0ms)
			ReleaseScriptingObjects (0ms)
			CreateAndSetChildDomain (77ms)
		EndReloadAssembly (2851ms)
			LoadAssemblies (102ms)
			RebuildTransferFunctionScriptingTraits (0ms)
			SetupTypeCache (350ms)
			ReleaseScriptCaches (2ms)
			RebuildScriptCaches (92ms)
			SetupLoadedEditorAssemblies (2251ms)
				LogAssemblyErrors (0ms)
				InitializePlatformSupportModulesInManaged (13ms)
				SetLoadedEditorAssemblies (0ms)
				RefreshPlugins (1ms)
				BeforeProcessingInitializeOnLoad (159ms)
				ProcessInitializeOnLoadAttributes (1951ms)
				ProcessInitializeOnLoadMethodAttributes (119ms)
				AfterProcessingInitializeOnLoad (7ms)
				EditorAssembliesLoaded (0ms)
			ExecutionOrderSort2 (0ms)
			AwakeInstancesAfterBackupRestoration (11ms)
Platform modules already initialized, skipping
Refreshing native plugins compatible for Editor in 4.44 ms, found 3 plugins.
Preloading 0 native plugins for Editor in 0.00 ms.
Unloading 4164 Unused Serialized files (Serialized files now loaded: 0)
Unloading 66 unused Assets / (1.9 MB). Loaded Objects now: 4872.
Memory consumption went from 317.5 MB to 315.5 MB.
Total: 48.146500 ms (FindLiveObjects: 0.425000 ms CreateObjectMapping: 0.360000 ms MarkObjects: 46.623400 ms  DeleteObjects: 0.736600 ms)

AssetImportParameters requested are different than current active one (requested -> active):
  custom:video-decoder-ogg-theora: a1e56fd34408186e4bbccfd4996cb3dc -> 
  custom:container-muxer-webm: aa71ff27fc2769a1b78a27578f13a17b -> 
  custom:container-demuxer-webm: 4f35f7cbe854078d1ac9338744f61a02 -> 
  custom:video-encoder-webm-vp8: eb34c28f22e8b96e1ab97ce403110664 -> 
  custom:audio-encoder-webm-vorbis: bf7c407c2cedff20999df2af8eb42d56 -> 
  custom:framework-win-MediaFoundation: 216162199b28c13a410421893ffa2e32 -> 
  custom:container-demuxer-ogg: 62fdf1f143b41e24485cea50d1cbac27 -> 
  custom:video-decoder-webm-vp8: 9c59270c3fd7afecdb556c50c9e8de78 -> 
  custom:audio-decoder-ogg-vorbis: bf7c407c2cedff20999df2af8eb42d56 -> 
========================================================================
Received Prepare
Registering precompiled user dll's ...
Registered in 0.014677 seconds.
Begin MonoManager ReloadAssembly
Symbol file LoadedFromMemory doesn't match image C:\dev\git\NotReaper\Assets\DiscordRPC\Plugins\DiscordRPC.dll
Native extension for WindowsStandalone target not found
Refreshing native plugins compatible for Editor in 1.12 ms, found 3 plugins.
Preloading 0 native plugins for Editor in 0.00 ms.
Mono: successfully reloaded assembly
- Completed reload, in  3.863 seconds
Domain Reload Profiling:
	ReloadAssembly (3864ms)
		BeginReloadAssembly (307ms)
			ExecutionOrderSort (0ms)
			DisableScriptedObjects (14ms)
			BackupInstance (0ms)
			ReleaseScriptingObjects (0ms)
			CreateAndSetChildDomain (117ms)
		EndReloadAssembly (3356ms)
			LoadAssemblies (174ms)
			RebuildTransferFunctionScriptingTraits (0ms)
			SetupTypeCache (394ms)
			ReleaseScriptCaches (4ms)
			RebuildScriptCaches (99ms)
			SetupLoadedEditorAssemblies (2667ms)
				LogAssemblyErrors (0ms)
				InitializePlatformSupportModulesInManaged (13ms)
				SetLoadedEditorAssemblies (1ms)
				RefreshPlugins (1ms)
				BeforeProcessingInitializeOnLoad (142ms)
				ProcessInitializeOnLoadAttributes (2346ms)
				ProcessInitializeOnLoadMethodAttributes (157ms)
				AfterProcessingInitializeOnLoad (7ms)
				EditorAssembliesLoaded (0ms)
			ExecutionOrderSort2 (0ms)
			AwakeInstancesAfterBackupRestoration (12ms)
Platform modules already initialized, skipping
Refreshing native plugins compatible for Editor in 5.81 ms, found 3 plugins.
Preloading 0 native plugins for Editor in 0.00 ms.
Unloading 4164 Unused Serialized files (Serialized files now loaded: 0)
Unloading 66 unused Assets / (1.9 MB). Loaded Objects now: 4874.
Memory consumption went from 317.5 MB to 315.5 MB.
Total: 76.318100 ms (FindLiveObjects: 0.724000 ms CreateObjectMapping: 0.432000 ms MarkObjects: 74.243700 ms  DeleteObjects: 0.916500 ms)

AssetImportParameters requested are different than current active one (requested -> active):
  custom:video-decoder-ogg-theora: a1e56fd34408186e4bbccfd4996cb3dc -> 
  custom:container-muxer-webm: aa71ff27fc2769a1b78a27578f13a17b -> 
  custom:container-demuxer-webm: 4f35f7cbe854078d1ac9338744f61a02 -> 
  custom:video-encoder-webm-vp8: eb34c28f22e8b96e1ab97ce403110664 -> 
  custom:audio-encoder-webm-vorbis: bf7c407c2cedff20999df2af8eb42d56 -> 
  custom:framework-win-MediaFoundation: 216162199b28c13a410421893ffa2e32 -> 
  custom:container-demuxer-ogg: 62fdf1f143b41e24485cea50d1cbac27 -> 
  custom:video-decoder-webm-vp8: 9c59270c3fd7afecdb556c50c9e8de78 -> 
  custom:audio-decoder-ogg-vorbis: bf7c407c2cedff20999df2af8eb42d56 -> 
========================================================================
Received Import Request.
  Time since last request: 5494.619473 seconds.
  path: Assets/Scripts/UserInput/New Input/EditorInput/KeyRebinding/Icons/F12_Key_Dark.png
  artifactKey: Guid(3e5cfec51e4a067459229dcde6d9e2a2) Importer(815301076,1909f56bfc062723c751e8b465ee728b)
Start importing Assets/Scripts/UserInput/New Input/EditorInput/KeyRebinding/Icons/F12_Key_Dark.png using Guid(3e5cfec51e4a067459229dcde6d9e2a2) Importer(815301076,1909f56bfc062723c751e8b465ee728b)  -> (artifact id: '87ee752d4cc45f37373ccafd43b8acf4') in 0.283047 seconds 
========================================================================
Received Import Request.
  Time since last request: 0.000033 seconds.
  path: Assets/Pictures/hold-select.png
  artifactKey: Guid(c6e618fa1dbb7e5448ec8b7e95e79381) Importer(815301076,1909f56bfc062723c751e8b465ee728b)
Start importing Assets/Pictures/hold-select.png using Guid(c6e618fa1dbb7e5448ec8b7e95e79381) Importer(815301076,1909f56bfc062723c751e8b465ee728b)  -> (artifact id: 'ad2c6ef39a07dae7c29b1ef2ec771ca4') in 0.051372 seconds 
========================================================================
Received Import Request.
  Time since last request: 0.000028 seconds.
  path: Assets/Scripts/UI/MapBrowser/Icons/noAdvanced.png
  artifactKey: Guid(8236214f7d97c41448a3ce39b4dd1b26) Importer(815301076,1909f56bfc062723c751e8b465ee728b)
Start importing Assets/Scripts/UI/MapBrowser/Icons/noAdvanced.png using Guid(8236214f7d97c41448a3ce39b4dd1b26) Importer(815301076,1909f56bfc062723c751e8b465ee728b)  -> (artifact id: 'de23306e4f65c97403858193a790c684') in 0.039766 seconds 
========================================================================
Received Import Request.
  Time since last request: 0.000030 seconds.
  path: Assets/Scripts/UserInput/New Input/EditorInput/KeyRebinding/Icons/Question_Key_Dark.png
  artifactKey: Guid(bc6e7aae4f19f6d4aa6afdf1bd82736f) Importer(815301076,1909f56bfc062723c751e8b465ee728b)
Start importing Assets/Scripts/UserInput/New Input/EditorInput/KeyRebinding/Icons/Question_Key_Dark.png using Guid(bc6e7aae4f19f6d4aa6afdf1bd82736f) Importer(815301076,1909f56bfc062723c751e8b465ee728b)  -> (artifact id: '1c5a767349cef6ca6245357584e26ddf') in 0.044926 seconds 
========================================================================
Received Import Request.
  Time since last request: 0.000032 seconds.
  path: Assets/ModernUIPack/Textures/Others/Play (demo).png
  artifactKey: Guid(8ba7d48c7e1711d4fb9417ed333ba3bd) Importer(815301076,1909f56bfc062723c751e8b465ee728b)
Start importing Assets/ModernUIPack/Textures/Others/Play (demo).png using Guid(8ba7d48c7e1711d4fb9417ed333ba3bd) Importer(815301076,1909f56bfc062723c751e8b465ee728b)  -> (artifact id: '455e54f85663fcb98f1f3c3b22cfb3e5') in 0.047842 seconds 
========================================================================
Received Import Request.
  Time since last request: 0.000026 seconds.
  path: Assets/Scripts/UserInput/New Input/EditorInput/KeyRebinding/Icons/Insert_Key_Dark.png
  artifactKey: Guid(c093a2eff377a8b49bd7f2455a80bf07) Importer(815301076,1909f56bfc062723c751e8b465ee728b)
Start importing Assets/Scripts/UserInput/New Input/EditorInput/KeyRebinding/Icons/Insert_Key_Dark.png using Guid(c093a2eff377a8b49bd7f2455a80bf07) Importer(815301076,1909f56bfc062723c751e8b465ee728b)  -> (artifact id: 'c2d4edfb9e4f2308adabef8c60ac3082') in 0.034731 seconds 
========================================================================
Received Import Request.
  Time since last request: 0.000033 seconds.
  path: Assets/ModernUIPack/Textures/Borders/Rounded/Rounded Outline 64px - Stroke 20px.png
  artifactKey: Guid(dcbffc956c3007348a9d59e752d2d7ef) Importer(815301076,1909f56bfc062723c751e8b465ee728b)
Start importing Assets/ModernUIPack/Textures/Borders/Rounded/Rounded Outline 64px - Stroke 20px.png using Guid(dcbffc956c3007348a9d59e752d2d7ef) Importer(815301076,1909f56bfc062723c751e8b465ee728b)  -> (artifact id: '05a9aaac4dc3f999612099d94af5da3b') in 0.045441 seconds 
========================================================================
Received Import Request.
  Time since last request: 0.000059 seconds.
  path: Assets/Plugins/Le Tai's Asset/TranslucentImage/Demo/Textures/vignette.png
  artifactKey: Guid(4eba3af52c6b1d94381f4e375379e098) Importer(815301076,1909f56bfc062723c751e8b465ee728b)
Start importing Assets/Plugins/Le Tai's Asset/TranslucentImage/Demo/Textures/vignette.png using Guid(4eba3af52c6b1d94381f4e375379e098) Importer(815301076,1909f56bfc062723c751e8b465ee728b)  -> (artifact id: '346e8df3f6708de7b0b5973e08835b81') in 0.099731 seconds 
========================================================================
Received Import Request.
  Time since last request: 0.000046 seconds.
  path: Assets/Plugins/Le Tai's Asset/TranslucentImage/Demo/Textures/Tai Icon.png
  artifactKey: Guid(d88e7a1e062dbad4d956d9fa22109a01) Importer(815301076,1909f56bfc062723c751e8b465ee728b)
Start importing Assets/Plugins/Le Tai's Asset/TranslucentImage/Demo/Textures/Tai Icon.png using Guid(d88e7a1e062dbad4d956d9fa22109a01) Importer(815301076,1909f56bfc062723c751e8b465ee728b)  -> (artifact id: '21ce5814ab072b55e94497e09446af78') in 0.057931 seconds 
========================================================================
Received Import Request.
  Time since last request: 0.000036 seconds.
  path: Assets/Scripts/UserInput/New Input/EditorInput/KeyRebinding/Icons/Tab_Key_Dark.png
  artifactKey: Guid(7994139d4ea58de468edd7a1181aa38f) Importer(815301076,1909f56bfc062723c751e8b465ee728b)
Start importing Assets/Scripts/UserInput/New Input/EditorInput/KeyRebinding/Icons/Tab_Key_Dark.png using Guid(7994139d4ea58de468edd7a1181aa38f) Importer(815301076,1909f56bfc062723c751e8b465ee728b)  -> (artifact id: 'd8737fcbcc34c4805c621389eb4fb1da') in 0.033864 seconds 
========================================================================
Received Import Request.
  Time since last request: 0.000021 seconds.
  path: Assets/Scripts/UserInput/New Input/EditorInput/KeyRebinding/Icons/Mouse_Middle_Key_Dark.png
  artifactKey: Guid(2910b2182db280e44a7a973037036085) Importer(815301076,1909f56bfc062723c751e8b465ee728b)
Start importing Assets/Scripts/UserInput/New Input/EditorInput/KeyRebinding/Icons/Mouse_Middle_Key_Dark.png using Guid(2910b2182db280e44a7a973037036085) Importer(815301076,1909f56bfc062723c751e8b465ee728b)  -> (artifact id: 'da52cd76867b162f8bb5b7fcfb4a96b9') in 0.025278 seconds 
========================================================================
Received Import Request.
  Time since last request: 0.000057 seconds.
  path: Assets/Images/Misc/dropdownbordertinted (3).png
  artifactKey: Guid(cfd58c27dcdfaea43b6e8b39a76e69c9) Importer(815301076,1909f56bfc062723c751e8b465ee728b)
Start importing Assets/Images/Misc/dropdownbordertinted (3).png using Guid(cfd58c27dcdfaea43b6e8b39a76e69c9) Importer(815301076,1909f56bfc062723c751e8b465ee728b)  -> (artifact id: '12ea97b0f70ba009bf55b85cf84888b8') in 0.040006 seconds 
========================================================================
Received Import Request.
  Time since last request: 0.000029 seconds.
  path: Assets/ModernUIPack/Textures/Borders/Rounded/Rounded Outline 64px - Stroke 14px.png
  artifactKey: Guid(ca51c3340cb2d37489bcb1f1f5396589) Importer(815301076,1909f56bfc062723c751e8b465ee728b)
Start importing Assets/ModernUIPack/Textures/Borders/Rounded/Rounded Outline 64px - Stroke 14px.png using Guid(ca51c3340cb2d37489bcb1f1f5396589) Importer(815301076,1909f56bfc062723c751e8b465ee728b)  -> (artifact id: '6b9c82437bf7acc513bd1a430f68a455') in 0.027871 seconds 
========================================================================
Received Import Request.
  Time since last request: 0.000031 seconds.
  path: Assets/ModernUIPack/Textures/Borders/Rounded/Rounded Outline 64px - Stroke 12px.png
  artifactKey: Guid(ff3d95e7e84ef024a998874a1a7b4479) Importer(815301076,1909f56bfc062723c751e8b465ee728b)
Start importing Assets/ModernUIPack/Textures/Borders/Rounded/Rounded Outline 64px - Stroke 12px.png using Guid(ff3d95e7e84ef024a998874a1a7b4479) Importer(815301076,1909f56bfc062723c751e8b465ee728b)  -> (artifact id: '3a35b659d5616c605f94de185b8ed809') in 0.028120 seconds 
========================================================================
Received Import Request.
  Time since last request: 0.000039 seconds.
  path: Assets/Scripts/UserInput/New Input/EditorInput/KeyRebinding/Icons/Mouse_Right_Key_Dark.png
  artifactKey: Guid(298a89c219d3bd0449fef9cf1ed9491a) Importer(815301076,1909f56bfc062723c751e8b465ee728b)
Start importing Assets/Scripts/UserInput/New Input/EditorInput/KeyRebinding/Icons/Mouse_Right_Key_Dark.png using Guid(298a89c219d3bd0449fef9cf1ed9491a) Importer(815301076,1909f56bfc062723c751e8b465ee728b)  -> (artifact id: 'cc0db6eecafab59814278260f54f5913') in 0.029005 seconds 
========================================================================
Received Import Request.
  Time since last request: 0.000040 seconds.
  path: Assets/Notes/emptySprite.png
  artifactKey: Guid(68ecec8366dbf674db6c58eb23358188) Importer(815301076,1909f56bfc062723c751e8b465ee728b)
Start importing Assets/Notes/emptySprite.png using Guid(68ecec8366dbf674db6c58eb23358188) Importer(815301076,1909f56bfc062723c751e8b465ee728b)  -> (artifact id: 'eee5ea9479f99e72f0e52cbdc9da601e') in 0.028535 seconds 
========================================================================
Received Import Request.
  Time since last request: 0.000112 seconds.
  path: Assets/Notes/Icons/Mine_Hover2x.png
  artifactKey: Guid(fda3ddc105e68824cb1af5c6a3504945) Importer(815301076,1909f56bfc062723c751e8b465ee728b)
Start importing Assets/Notes/Icons/Mine_Hover2x.png using Guid(fda3ddc105e68824cb1af5c6a3504945) Importer(815301076,1909f56bfc062723c751e8b465ee728b)  -> (artifact id: '664db7f12c8aa45fffd63a7e28a57512') in 0.035379 seconds 
========================================================================
Received Import Request.
  Time since last request: 0.000060 seconds.
  path: Assets/Scripts/UserInput/New Input/EditorInput/KeyRebinding/Icons/Space_Key_Dark.png
  artifactKey: Guid(98840ca22972d1b4b9ed9237678d103d) Importer(815301076,1909f56bfc062723c751e8b465ee728b)
Start importing Assets/Scripts/UserInput/New Input/EditorInput/KeyRebinding/Icons/Space_Key_Dark.png using Guid(98840ca22972d1b4b9ed9237678d103d) Importer(815301076,1909f56bfc062723c751e8b465ee728b)  -> (artifact id: '7deb8e19f8e734be7e615ab1e8f19027') in 0.025899 seconds 
========================================================================
Received Import Request.
  Time since last request: 0.000045 seconds.
  path: Assets/Images/Misc/DragSelectSquare.png
  artifactKey: Guid(875a46bb49bbca8499c10f62204856ef) Importer(815301076,1909f56bfc062723c751e8b465ee728b)
Start importing Assets/Images/Misc/DragSelectSquare.png using Guid(875a46bb49bbca8499c10f62204856ef) Importer(815301076,1909f56bfc062723c751e8b465ee728b)  -> (artifact id: '6ffb6932c89e217006de9ef1bd3a2af2') in 0.022520 seconds 
========================================================================
Received Import Request.
  Time since last request: 0.000024 seconds.
  path: Assets/ModernUIPack/Textures/Others/Square.png
  artifactKey: Guid(b325a13e94f3bac4199e75b91fa98449) Importer(815301076,1909f56bfc062723c751e8b465ee728b)
Start importing Assets/ModernUIPack/Textures/Others/Square.png using Guid(b325a13e94f3bac4199e75b91fa98449) Importer(815301076,1909f56bfc062723c751e8b465ee728b)  -> (artifact id: 'd48a29d2c38b50de4aea7806afc77cca') in 0.022426 seconds 
========================================================================
Received Import Request.
  Time since last request: 0.000029 seconds.
  path: Assets/ModernUIPack/Textures/Gradients/Gradient.png
  artifactKey: Guid(390f1c7c5c2f9714d8458c01651acdcf) Importer(815301076,1909f56bfc062723c751e8b465ee728b)
Start importing Assets/ModernUIPack/Textures/Gradients/Gradient.png using Guid(390f1c7c5c2f9714d8458c01651acdcf) Importer(815301076,1909f56bfc062723c751e8b465ee728b)  -> (artifact id: '09cddc479fd227b35b2cd1dc6247fd62') in 0.027839 seconds 
========================================================================
Received Import Request.
  Time since last request: 0.000037 seconds.
  path: Assets/Images/Misc/ReverseTarget@2x.png
  artifactKey: Guid(01d67a3b541db0349a3eda91c9c0bbfd) Importer(815301076,1909f56bfc062723c751e8b465ee728b)
Start importing Assets/Images/Misc/ReverseTarget@2x.png using Guid(01d67a3b541db0349a3eda91c9c0bbfd) Importer(815301076,1909f56bfc062723c751e8b465ee728b)  -> (artifact id: 'a2f945da34b65d763fe8ea8fbebb693e') in 0.119979 seconds 
========================================================================
Received Import Request.
  Time since last request: 0.000030 seconds.
  path: Assets/Images/Misc/Flip@2x.png
  artifactKey: Guid(c9952cfcafc749d4ebed61bb8b3065e1) Importer(815301076,1909f56bfc062723c751e8b465ee728b)
Start importing Assets/Images/Misc/Flip@2x.png using Guid(c9952cfcafc749d4ebed61bb8b3065e1) Importer(815301076,1909f56bfc062723c751e8b465ee728b)  -> (artifact id: 'd0664f93556a0fb37ebcef4bef06ead5') in 0.078701 seconds 
========================================================================
Received Import Request.
  Time since last request: 0.000041 seconds.
  path: Assets/Notes/Icons/HoldEnd.png
  artifactKey: Guid(9182f4957d650de45a9fdb89b6750b8d) Importer(815301076,1909f56bfc062723c751e8b465ee728b)
Start importing Assets/Notes/Icons/HoldEnd.png using Guid(9182f4957d650de45a9fdb89b6750b8d) Importer(815301076,1909f56bfc062723c751e8b465ee728b)  -> (artifact id: '6d34104ee649e3e90f5695833cf4d193') in 0.043943 seconds 
========================================================================
Received Import Request.
  Time since last request: 0.000027 seconds.
  path: Assets/Plugins/Le Tai's Asset/TranslucentImage/Demo/Textures/Steam.psd
  artifactKey: Guid(715594a64938ecc47a5bc9ba4510e629) Importer(815301076,1909f56bfc062723c751e8b465ee728b)
Start importing Assets/Plugins/Le Tai's Asset/TranslucentImage/Demo/Textures/Steam.psd using Guid(715594a64938ecc47a5bc9ba4510e629) Importer(815301076,1909f56bfc062723c751e8b465ee728b)  -> (artifact id: '59a6e3a399178b94059ca5bfa76edb41') in 0.094410 seconds 
========================================================================
Received Import Request.
  Time since last request: 0.000028 seconds.
  path: Assets/Plugins/Le Tai's Asset/TranslucentImage/Demo/Textures/Rounded Rect small.png
  artifactKey: Guid(0453eeaaeb9d9134894e7dba1d195e29) Importer(815301076,1909f56bfc062723c751e8b465ee728b)
Start importing Assets/Plugins/Le Tai's Asset/TranslucentImage/Demo/Textures/Rounded Rect small.png using Guid(0453eeaaeb9d9134894e7dba1d195e29) Importer(815301076,1909f56bfc062723c751e8b465ee728b)  -> (artifact id: '6e1cdf9c5314cc5af604495ea4fc705c') in 0.035156 seconds 
========================================================================
Received Import Request.
  Time since last request: 0.000043 seconds.
  path: Assets/Notes/Icons/Mine2x.png
  artifactKey: Guid(9d3bf9462a46a224591694a264fbad70) Importer(815301076,1909f56bfc062723c751e8b465ee728b)
Start importing Assets/Notes/Icons/Mine2x.png using Guid(9d3bf9462a46a224591694a264fbad70) Importer(815301076,1909f56bfc062723c751e8b465ee728b)  -> (artifact id: 'd5c846fca5900af37a36d7e6962212b4') in 0.041627 seconds 
========================================================================
Received Import Request.
  Time since last request: 0.000086 seconds.
  path: Assets/Materials/stars_bg-900x600.jpg
  artifactKey: Guid(33e002863c3d4a94fa1a21c77a3186df) Importer(815301076,1909f56bfc062723c751e8b465ee728b)
Start importing Assets/Materials/stars_bg-900x600.jpg using Guid(33e002863c3d4a94fa1a21c77a3186df) Importer(815301076,1909f56bfc062723c751e8b465ee728b)  -> (artifact id: '2bc21bab24605928049838db6c3dd282') in 0.119919 seconds 
========================================================================
Received Import Request.
  Time since last request: 0.000044 seconds.
  path: Assets/ModernUIPack/Textures/Gradients/Gradient V.png
  artifactKey: Guid(4588d5e6aeea92d4b86bd1e976c99baf) Importer(815301076,1909f56bfc062723c751e8b465ee728b)
Start importing Assets/ModernUIPack/Textures/Gradients/Gradient V.png using Guid(4588d5e6aeea92d4b86bd1e976c99baf) Importer(815301076,1909f56bfc062723c751e8b465ee728b)  -> (artifact id: '4a5c285d89d0119605d8bd0813b0fd72') in 0.022437 seconds 
========================================================================
Received Import Request.
  Time since last request: 0.000032 seconds.
  path: Assets/Images/Misc/pogchamp.png
  artifactKey: Guid(89d36933db428c348862233b9bb76a4d) Importer(815301076,1909f56bfc062723c751e8b465ee728b)
Start importing Assets/Images/Misc/pogchamp.png using Guid(89d36933db428c348862233b9bb76a4d) Importer(815301076,1909f56bfc062723c751e8b465ee728b)  -> (artifact id: 'c6bcaee598101119eb471f32c06b2d99') in 0.029099 seconds 
========================================================================
Received Import Request.
  Time since last request: 0.000029 seconds.
  path: Assets/Notes/Icons/punch2.png
  artifactKey: Guid(e93fd214d6949dd4f836fce8889ccb87) Importer(815301076,1909f56bfc062723c751e8b465ee728b)
Start importing Assets/Notes/Icons/punch2.png using Guid(e93fd214d6949dd4f836fce8889ccb87) Importer(815301076,1909f56bfc062723c751e8b465ee728b)  -> (artifact id: '15593251af4c5c7c6a612c1e0983df86') in 0.028752 seconds 
========================================================================
Received Import Request.
  Time since last request: 0.000030 seconds.
  path: Assets/Images/Misc/thonk.png
  artifactKey: Guid(45ffc8d44f64b334ca5ec10a06a0479e) Importer(815301076,1909f56bfc062723c751e8b465ee728b)
Start importing Assets/Images/Misc/thonk.png using Guid(45ffc8d44f64b334ca5ec10a06a0479e) Importer(815301076,1909f56bfc062723c751e8b465ee728b)  -> (artifact id: '51399a10b6fe002b42f57bc8c38bf8ea') in 0.026840 seconds 
========================================================================
Received Import Request.
  Time since last request: 0.000043 seconds.
  path: Assets/ModernUIPack/Textures/Borders/Rounded/Rounded Circle Shadow 64px.png
  artifactKey: Guid(53376d46aa93495498e77d97f3dd13b2) Importer(815301076,1909f56bfc062723c751e8b465ee728b)
Start importing Assets/ModernUIPack/Textures/Borders/Rounded/Rounded Circle Shadow 64px.png using Guid(53376d46aa93495498e77d97f3dd13b2) Importer(815301076,1909f56bfc062723c751e8b465ee728b)  -> (artifact id: 'e06b1ec327854a04c9fe3dbcf0ac9dfd') in 0.032662 seconds 
========================================================================
Received Import Request.
  Time since last request: 0.000049 seconds.
  path: Assets/Plugins/Le Tai's Asset/TranslucentImage/Demo/Textures/Knob.png
  artifactKey: Guid(58f9566bfa7cf1643b3d02f6818d2fb0) Importer(815301076,1909f56bfc062723c751e8b465ee728b)
Start importing Assets/Plugins/Le Tai's Asset/TranslucentImage/Demo/Textures/Knob.png using Guid(58f9566bfa7cf1643b3d02f6818d2fb0) Importer(815301076,1909f56bfc062723c751e8b465ee728b)  -> (artifact id: '446edfec89d51c615d272f38b52826b9') in 0.035250 seconds 
========================================================================
Received Import Request.
  Time since last request: 0.000035 seconds.
  path: Assets/Scripts/UI/MapBrowser/Icons/noExpert.png
  artifactKey: Guid(3664452d393f3964aae2cb323748de51) Importer(815301076,1909f56bfc062723c751e8b465ee728b)
Start importing Assets/Scripts/UI/MapBrowser/Icons/noExpert.png using Guid(3664452d393f3964aae2cb323748de51) Importer(815301076,1909f56bfc062723c751e8b465ee728b)  -> (artifact id: 'b94367e3eb725bcd793e309f758d9b14') in 0.025774 seconds 
========================================================================
Received Import Request.
  Time since last request: 0.000023 seconds.
  path: Assets/Images/Misc/preview.png
  artifactKey: Guid(446549b8ff4fab54f80aa22d7bb94219) Importer(815301076,1909f56bfc062723c751e8b465ee728b)
Start importing Assets/Images/Misc/preview.png using Guid(446549b8ff4fab54f80aa22d7bb94219) Importer(815301076,1909f56bfc062723c751e8b465ee728b)  -> (artifact id: 'f32a89269f7cfbd72cdecd6c918a5bcf') in 0.029724 seconds 
========================================================================
Received Import Request.
  Time since last request: 0.000045 seconds.
  path: Assets/ModernUIPack/Textures/Borders/Rounded/Rounded Outline 64px - Stroke 10px.png
  artifactKey: Guid(c09c98233e3767545acc1ae234af060c) Importer(815301076,1909f56bfc062723c751e8b465ee728b)
Start importing Assets/ModernUIPack/Textures/Borders/Rounded/Rounded Outline 64px - Stroke 10px.png using Guid(c09c98233e3767545acc1ae234af060c) Importer(815301076,1909f56bfc062723c751e8b465ee728b)  -> (artifact id: '911c7e826da38752be4c27339b3816ff') in 0.023138 seconds 
========================================================================
Received Import Request.
  Time since last request: 0.000029 seconds.
  path: Assets/Notes/Timeline/Mine.png
  artifactKey: Guid(28b649dbe454ce547a8902b58f021f8a) Importer(815301076,1909f56bfc062723c751e8b465ee728b)
Start importing Assets/Notes/Timeline/Mine.png using Guid(28b649dbe454ce547a8902b58f021f8a) Importer(815301076,1909f56bfc062723c751e8b465ee728b)  -> (artifact id: '1cf33bb4033bdcd01790bd5280a6b4c9') in 0.027818 seconds 
========================================================================
Received Import Request.
  Time since last request: 0.000053 seconds.
  path: Assets/Scripts/UserInput/New Input/EditorInput/KeyRebinding/Icons/Enter_Alt_Key_Dark.png
  artifactKey: Guid(8fd5574e5f28f0b42a73969947e69deb) Importer(815301076,1909f56bfc062723c751e8b465ee728b)
Start importing Assets/Scripts/UserInput/New Input/EditorInput/KeyRebinding/Icons/Enter_Alt_Key_Dark.png using Guid(8fd5574e5f28f0b42a73969947e69deb) Importer(815301076,1909f56bfc062723c751e8b465ee728b)  -> (artifact id: '71b1bc52b19a90cabb2cf5244df6ce5a') in 0.023698 seconds 
========================================================================
Received Import Request.
  Time since last request: 0.000037 seconds.
  path: Assets/Images/Misc/check.png
  artifactKey: Guid(3feb2fbd2e3d1d2499e85398c1ee93a9) Importer(815301076,1909f56bfc062723c751e8b465ee728b)
Start importing Assets/Images/Misc/check.png using Guid(3feb2fbd2e3d1d2499e85398c1ee93a9) Importer(815301076,1909f56bfc062723c751e8b465ee728b)  -> (artifact id: '343ba6ea4c09b2227731f0130b2099bd') in 0.026380 seconds 
========================================================================
Received Import Request.
  Time since last request: 0.000036 seconds.
  path: Assets/Plugins/Le Tai's Asset/TranslucentImage/Demo/Textures/Example Photo/mountain.jpg
  artifactKey: Guid(94a459a82f612f342ad2f790ead0aca1) Importer(815301076,1909f56bfc062723c751e8b465ee728b)
Start importing Assets/Plugins/Le Tai's Asset/TranslucentImage/Demo/Textures/Example Photo/mountain.jpg using Guid(94a459a82f612f342ad2f790ead0aca1) Importer(815301076,1909f56bfc062723c751e8b465ee728b)  -> (artifact id: '9a54e6aa0b481cd6db63025bb0f88fa2') in 0.134157 seconds 
========================================================================
Received Import Request.
  Time since last request: 0.000086 seconds.
  path: Assets/Plugins/Le Tai's Asset/TranslucentImage/Demo/Textures/Knob-Shadow.png
  artifactKey: Guid(0a8460a6c87bbb24383c1db600f499c5) Importer(815301076,1909f56bfc062723c751e8b465ee728b)
Start importing Assets/Plugins/Le Tai's Asset/TranslucentImage/Demo/Textures/Knob-Shadow.png using Guid(0a8460a6c87bbb24383c1db600f499c5) Importer(815301076,1909f56bfc062723c751e8b465ee728b)  -> (artifact id: '5c383be54603a76df5722124d110a56f') in 0.042972 seconds 
========================================================================
Received Import Request.
  Time since last request: 0.000032 seconds.
  path: Assets/Notes/Icons/hold ring.png
  artifactKey: Guid(f882076b166282a47af06a9895e5f288) Importer(815301076,1909f56bfc062723c751e8b465ee728b)
Start importing Assets/Notes/Icons/hold ring.png using Guid(f882076b166282a47af06a9895e5f288) Importer(815301076,1909f56bfc062723c751e8b465ee728b)  -> (artifact id: '0a6c40b1a93699aa6929466e9f5e1491') in 0.027612 seconds 
========================================================================
Received Import Request.
  Time since last request: 0.000031 seconds.
  path: Assets/ModernUIPack/Textures/Borders/Rounded/Rounded Outline 64px - Stroke 18px.png
  artifactKey: Guid(210c9a2590bc76644b3043743da41996) Importer(815301076,1909f56bfc062723c751e8b465ee728b)
Start importing Assets/ModernUIPack/Textures/Borders/Rounded/Rounded Outline 64px - Stroke 18px.png using Guid(210c9a2590bc76644b3043743da41996) Importer(815301076,1909f56bfc062723c751e8b465ee728b)  -> (artifact id: '14eb09159be2ccd4c6285c8df47e5bf7') in 0.033361 seconds 
========================================================================
Received Import Request.
  Time since last request: 0.000025 seconds.
  path: Assets/Images/Misc/arrow_down.png
  artifactKey: Guid(a6e975931e5d2214da01ab3747c736d6) Importer(815301076,1909f56bfc062723c751e8b465ee728b)
Start importing Assets/Images/Misc/arrow_down.png using Guid(a6e975931e5d2214da01ab3747c736d6) Importer(815301076,1909f56bfc062723c751e8b465ee728b)  -> (artifact id: 'd654989cfb8a00f7120be4062dfa2b90') in 0.034323 seconds 
========================================================================
Received Import Request.
  Time since last request: 0.000024 seconds.
  path: Assets/Images/Misc/pog.png
  artifactKey: Guid(b193c506815fdff4eb43d5fd142cef3a) Importer(815301076,1909f56bfc062723c751e8b465ee728b)
Start importing Assets/Images/Misc/pog.png using Guid(b193c506815fdff4eb43d5fd142cef3a) Importer(815301076,1909f56bfc062723c751e8b465ee728b)  -> (artifact id: 'aeb03858075fc809ba8e2ea4c24ac8da') in 0.017257 seconds 
========================================================================
Received Import Request.
  Time since last request: 0.000037 seconds.
  path: Assets/Scripts/UserInput/New Input/EditorInput/KeyRebinding/Icons/Quote_Key_Dark.png
  artifactKey: Guid(e6bee3bb007947d4c88fbbc0ec20cb72) Importer(815301076,1909f56bfc062723c751e8b465ee728b)
Start importing Assets/Scripts/UserInput/New Input/EditorInput/KeyRebinding/Icons/Quote_Key_Dark.png using Guid(e6bee3bb007947d4c88fbbc0ec20cb72) Importer(815301076,1909f56bfc062723c751e8b465ee728b)  -> (artifact id: '745d252429fae387a75d8949dd146f28') in 0.029684 seconds 
========================================================================
Received Import Request.
  Time since last request: 0.000053 seconds.
  path: Assets/Plugins/Le Tai's Asset/TranslucentImage/Demo/Textures/Example Photo/rose.jpeg
  artifactKey: Guid(18281419472467145b646c73b23f2648) Importer(815301076,1909f56bfc062723c751e8b465ee728b)
Start importing Assets/Plugins/Le Tai's Asset/TranslucentImage/Demo/Textures/Example Photo/rose.jpeg using Guid(18281419472467145b646c73b23f2648) Importer(815301076,1909f56bfc062723c751e8b465ee728b)  -> (artifact id: '6507fbc5ff2d8f75b249a7dd2acbbeff') in 0.097670 seconds 
========================================================================
Received Import Request.
  Time since last request: 0.000032 seconds.
  path: Assets/Scripts/UI/MapBrowser/Icons/expert.png
  artifactKey: Guid(0712a2fafea3a404b8f7e8c47e79d959) Importer(815301076,1909f56bfc062723c751e8b465ee728b)
Start importing Assets/Scripts/UI/MapBrowser/Icons/expert.png using Guid(0712a2fafea3a404b8f7e8c47e79d959) Importer(815301076,1909f56bfc062723c751e8b465ee728b)  -> (artifact id: 'de1a9519047f8f351403e4ee748ef4a5') in 0.039666 seconds 
========================================================================
Received Import Request.
  Time since last request: 0.000031 seconds.
  path: Assets/Notes/Icons/punch.png
  artifactKey: Guid(08ad967b1e97b31458e448a97b921b06) Importer(815301076,1909f56bfc062723c751e8b465ee728b)
Start importing Assets/Notes/Icons/punch.png using Guid(08ad967b1e97b31458e448a97b921b06) Importer(815301076,1909f56bfc062723c751e8b465ee728b)  -> (artifact id: '8dd51a7c1958fd4d19def3822517a2ba') in 0.029250 seconds 
========================================================================
Received Import Request.
  Time since last request: 0.000032 seconds.
  path: Assets/ModernUIPack/Textures/Borders/Rounded/Rounded Circle 64px - Stroke 8px.png
  artifactKey: Guid(94ed127db6c44634db6082daf3b3ce2e) Importer(815301076,1909f56bfc062723c751e8b465ee728b)
Start importing Assets/ModernUIPack/Textures/Borders/Rounded/Rounded Circle 64px - Stroke 8px.png using Guid(94ed127db6c44634db6082daf3b3ce2e) Importer(815301076,1909f56bfc062723c751e8b465ee728b)  -> (artifact id: '7031f1c443f5fb6b88dd50f8d84b2ae3') in 0.025712 seconds 
========================================================================
Received Import Request.
  Time since last request: 0.000038 seconds.
  path: Assets/Scripts/UserInput/New Input/EditorInput/KeyRebinding/Icons/Win_Key_Dark.png
  artifactKey: Guid(852c88d490fb06c4896818d46473cccb) Importer(815301076,1909f56bfc062723c751e8b465ee728b)
Start importing Assets/Scripts/UserInput/New Input/EditorInput/KeyRebinding/Icons/Win_Key_Dark.png using Guid(852c88d490fb06c4896818d46473cccb) Importer(815301076,1909f56bfc062723c751e8b465ee728b)  -> (artifact id: '452a589b321b6771d8ac526754328aad') in 0.031849 seconds 
Editor requested this worker to shutdown with reason: Scaling down because of idle timeout
AssetImportWorker is now disconnected from the server
Process exiting
Exiting without the bug reporter. Application will terminate with return code 0