Using pre-set license
Built from '2021.2/staging' branch; Version is '2021.2.13f1 (90b6766da538) revision 9483894'; Using compiler version '192829333'; Build Type 'Release'
OS: 'Windows 11  (10.0.22000) 64bit Core' Language: 'en' Physical Memory: 16245 MB
BatchMode: 1, IsHumanControllingUs: 0, StartBugReporterOnCrash: 0, Is64bit: 1, IsPro: 1

COMMAND LINE ARGUMENTS:
C:\Program Files (x86)\Unity\2021.2.13f1\Editor\Unity.exe
-adb2
-batchMode
-noUpm
-name
AssetImportWorker1
-projectPath
C:/dev/git/NotReaper
-logFile
Logs/AssetImportWorker1.log
-srvPort
54304
Successfully changed project path to: C:/dev/git/NotReaper
C:/dev/git/NotReaper
[UnityMemory] Configuration Parameters - Can be set up in boot.config
    "memorysetup-bucket-allocator-granularity=16"
    "memorysetup-bucket-allocator-bucket-count=8"
    "memorysetup-bucket-allocator-block-size=33554432"
    "memorysetup-bucket-allocator-block-count=8"
    "memorysetup-main-allocator-block-size=16777216"
    "memorysetup-thread-allocator-block-size=16777216"
    "memorysetup-gfx-main-allocator-block-size=16777216"
    "memorysetup-gfx-thread-allocator-block-size=16777216"
    "memorysetup-cache-allocator-block-size=4194304"
    "memorysetup-typetree-allocator-block-size=2097152"
    "memorysetup-profiler-bucket-allocator-granularity=16"
    "memorysetup-profiler-bucket-allocator-bucket-count=8"
    "memorysetup-profiler-bucket-allocator-block-size=33554432"
    "memorysetup-profiler-bucket-allocator-block-count=8"
    "memorysetup-profiler-allocator-block-size=16777216"
    "memorysetup-profiler-editor-allocator-block-size=1048576"
    "memorysetup-temp-allocator-size-main=16777216"
    "memorysetup-job-temp-allocator-block-size=2097152"
    "memorysetup-job-temp-allocator-block-size-background=1048576"
    "memorysetup-job-temp-allocator-reduction-small-platforms=262144"
    "memorysetup-temp-allocator-size-background-worker=32768"
    "memorysetup-temp-allocator-size-job-worker=262144"
    "memorysetup-temp-allocator-size-preload-manager=33554432"
    "memorysetup-temp-allocator-size-nav-mesh-worker=65536"
    "memorysetup-temp-allocator-size-audio-worker=65536"
    "memorysetup-temp-allocator-size-cloud-worker=32768"
    "memorysetup-temp-allocator-size-gi-baking-worker=262144"
    "memorysetup-temp-allocator-size-gfx=262144"
Refreshing native plugins compatible for Editor in 103.16 ms, found 3 plugins.
Preloading 0 native plugins for Editor in 0.00 ms.
Initialize engine version: 2021.2.13f1 (90b6766da538)
[Subsystems] Discovering subsystems at path C:/Program Files (x86)/Unity/2021.2.13f1/Editor/Data/Resources/UnitySubsystems
[Subsystems] Discovering subsystems at path C:/dev/git/NotReaper/Assets
GfxDevice: creating device client; threaded=0; jobified=0
Direct3D:
    Version:  Direct3D 11.0 [level 11.1]
    Renderer: NVIDIA GeForce RTX 2080 (ID=0x1e87)
    Vendor:   NVIDIA
    VRAM:     8010 MB
    Driver:   30.0.14.9729
Initialize mono
Mono path[0] = 'C:/Program Files (x86)/Unity/2021.2.13f1/Editor/Data/Managed'
Mono path[1] = 'C:/Program Files (x86)/Unity/2021.2.13f1/Editor/Data/MonoBleedingEdge/lib/mono/unityjit-win32'
Mono config path = 'C:/Program Files (x86)/Unity/2021.2.13f1/Editor/Data/MonoBleedingEdge/etc'
Using monoOptions --debugger-agent=transport=dt_socket,embedding=1,server=y,suspend=n,address=127.0.0.1:56856
Begin MonoManager ReloadAssembly
Registering precompiled unity dll's ...
Register platform support module: C:/Program Files (x86)/Unity/2021.2.13f1/Editor/Data/PlaybackEngines/WindowsStandaloneSupport/UnityEditor.WindowsStandalone.Extensions.dll
Registered in 0.003392 seconds.
Native extension for WindowsStandalone target not found
Refreshing native plugins compatible for Editor in 101.55 ms, found 3 plugins.
Preloading 0 native plugins for Editor in 0.00 ms.
Mono: successfully reloaded assembly
- Completed reload, in  0.924 seconds
Domain Reload Profiling:
	ReloadAssembly (924ms)
		BeginReloadAssembly (93ms)
			ExecutionOrderSort (0ms)
			DisableScriptedObjects (0ms)
			BackupInstance (0ms)
			ReleaseScriptingObjects (0ms)
			CreateAndSetChildDomain (1ms)
		EndReloadAssembly (684ms)
			LoadAssemblies (91ms)
			RebuildTransferFunctionScriptingTraits (0ms)
			SetupTypeCache (136ms)
			ReleaseScriptCaches (0ms)
			RebuildScriptCaches (39ms)
			SetupLoadedEditorAssemblies (442ms)
				LogAssemblyErrors (0ms)
				InitializePlatformSupportModulesInManaged (8ms)
				SetLoadedEditorAssemblies (0ms)
				RefreshPlugins (102ms)
				BeforeProcessingInitializeOnLoad (1ms)
				ProcessInitializeOnLoadAttributes (251ms)
				ProcessInitializeOnLoadMethodAttributes (80ms)
				AfterProcessingInitializeOnLoad (0ms)
				EditorAssembliesLoaded (0ms)
			ExecutionOrderSort2 (0ms)
			AwakeInstancesAfterBackupRestoration (0ms)
Platform modules already initialized, skipping
Registering precompiled user dll's ...
Registered in 0.018315 seconds.
Begin MonoManager ReloadAssembly
Symbol file LoadedFromMemory doesn't match image C:\dev\git\NotReaper\Assets\DiscordRPC\Plugins\DiscordRPC.dll
Native extension for WindowsStandalone target not found
Refreshing native plugins compatible for Editor in 93.85 ms, found 3 plugins.
Preloading 0 native plugins for Editor in 0.00 ms.
Mono: successfully reloaded assembly
- Completed reload, in  4.478 seconds
Domain Reload Profiling:
	ReloadAssembly (4479ms)
		BeginReloadAssembly (164ms)
			ExecutionOrderSort (0ms)
			DisableScriptedObjects (10ms)
			BackupInstance (0ms)
			ReleaseScriptingObjects (0ms)
			CreateAndSetChildDomain (32ms)
		EndReloadAssembly (4169ms)
			LoadAssemblies (133ms)
			RebuildTransferFunctionScriptingTraits (0ms)
			SetupTypeCache (458ms)
			ReleaseScriptCaches (1ms)
			RebuildScriptCaches (99ms)
			SetupLoadedEditorAssemblies (3422ms)
				LogAssemblyErrors (0ms)
				InitializePlatformSupportModulesInManaged (15ms)
				SetLoadedEditorAssemblies (0ms)
				RefreshPlugins (94ms)
				BeforeProcessingInitializeOnLoad (159ms)
				ProcessInitializeOnLoadAttributes (3001ms)
				ProcessInitializeOnLoadMethodAttributes (146ms)
				AfterProcessingInitializeOnLoad (8ms)
				EditorAssembliesLoaded (0ms)
			ExecutionOrderSort2 (0ms)
			AwakeInstancesAfterBackupRestoration (9ms)
Platform modules already initialized, skipping
========================================================================
Worker process is ready to serve import requests
Launched and connected shader compiler UnityShaderCompiler.exe after 0.09 seconds
Refreshing native plugins compatible for Editor in 1.77 ms, found 3 plugins.
Preloading 0 native plugins for Editor in 0.00 ms.
Unloading 4366 Unused Serialized files (Serialized files now loaded: 0)
Unloading 78 unused Assets / (1.9 MB). Loaded Objects now: 4868.
Memory consumption went from 295.0 MB to 293.1 MB.
Total: 40.273900 ms (FindLiveObjects: 0.420600 ms CreateObjectMapping: 0.317200 ms MarkObjects: 38.978100 ms  DeleteObjects: 0.556100 ms)

AssetImportParameters requested are different than current active one (requested -> active):
  custom:video-decoder-ogg-theora: a1e56fd34408186e4bbccfd4996cb3dc -> 
  custom:container-muxer-webm: aa71ff27fc2769a1b78a27578f13a17b -> 
  custom:container-demuxer-webm: 4f35f7cbe854078d1ac9338744f61a02 -> 
  custom:video-encoder-webm-vp8: eb34c28f22e8b96e1ab97ce403110664 -> 
  custom:audio-encoder-webm-vorbis: bf7c407c2cedff20999df2af8eb42d56 -> 
  custom:framework-win-MediaFoundation: 216162199b28c13a410421893ffa2e32 -> 
  custom:container-demuxer-ogg: 62fdf1f143b41e24485cea50d1cbac27 -> 
  custom:video-decoder-webm-vp8: 9c59270c3fd7afecdb556c50c9e8de78 -> 
  custom:audio-decoder-ogg-vorbis: bf7c407c2cedff20999df2af8eb42d56 -> 
========================================================================
Received Import Request.
  Time since last request: 4758.107321 seconds.
  path: Assets/Images/Timeline5.mat
  artifactKey: Guid(0f88619c09f9f8342901e1b83de06a61) Importer(815301076,1909f56bfc062723c751e8b465ee728b)
Start importing Assets/Images/Timeline5.mat using Guid(0f88619c09f9f8342901e1b83de06a61) Importer(815301076,1909f56bfc062723c751e8b465ee728b)  -> (artifact id: 'efcb058e20a19bf8b607f869d6df3b5c') in 0.387315 seconds 
========================================================================
Received Import Request.
  Time since last request: 0.000044 seconds.
  path: Assets/Images/preview.png
  artifactKey: Guid(446549b8ff4fab54f80aa22d7bb94219) Importer(815301076,1909f56bfc062723c751e8b465ee728b)
Start importing Assets/Images/preview.png using Guid(446549b8ff4fab54f80aa22d7bb94219) Importer(815301076,1909f56bfc062723c751e8b465ee728b)  -> (artifact id: '6c9264788a2120bc1608c6e2afd7ee8e') in 0.088002 seconds 
========================================================================
Received Import Request.
  Time since last request: 0.000039 seconds.
  path: Assets/Images/background4.jpg
  artifactKey: Guid(b771e3f069b86754092fb4d088c9e9a7) Importer(815301076,1909f56bfc062723c751e8b465ee728b)
Start importing Assets/Images/background4.jpg using Guid(b771e3f069b86754092fb4d088c9e9a7) Importer(815301076,1909f56bfc062723c751e8b465ee728b)  -> (artifact id: 'c4149a3f85554f317f57aff7fe25233e') in 0.239971 seconds 
========================================================================
Received Import Request.
  Time since last request: 0.000034 seconds.
  path: Assets/Images/DragSelectSquare.png
  artifactKey: Guid(875a46bb49bbca8499c10f62204856ef) Importer(815301076,1909f56bfc062723c751e8b465ee728b)
Start importing Assets/Images/DragSelectSquare.png using Guid(875a46bb49bbca8499c10f62204856ef) Importer(815301076,1909f56bfc062723c751e8b465ee728b)  -> (artifact id: '2ea531be0c76829f30c453e6ca227ee3') in 0.023137 seconds 
========================================================================
Received Import Request.
  Time since last request: 0.000040 seconds.
  path: Assets/Images/nr_logo_transparent.png
  artifactKey: Guid(197cd74dca1fdf944aecdae91bce1ce5) Importer(815301076,1909f56bfc062723c751e8b465ee728b)
Start importing Assets/Images/nr_logo_transparent.png using Guid(197cd74dca1fdf944aecdae91bce1ce5) Importer(815301076,1909f56bfc062723c751e8b465ee728b)  -> (artifact id: '2be01d714b7141c717b2aa85d60f5dfc') in 0.104972 seconds 
========================================================================
Received Import Request.
  Time since last request: 0.000036 seconds.
  path: Assets/Images/metronome.png
  artifactKey: Guid(65ce7beed25235f4fad92cba053fffc0) Importer(815301076,1909f56bfc062723c751e8b465ee728b)
Start importing Assets/Images/metronome.png using Guid(65ce7beed25235f4fad92cba053fffc0) Importer(815301076,1909f56bfc062723c751e8b465ee728b)  -> (artifact id: '8a7a2c16220494b0ea63ce5b0c41d737') in 0.033038 seconds 
========================================================================
Received Import Request.
  Time since last request: 0.000027 seconds.
  path: Assets/Images/Flip@2x.png
  artifactKey: Guid(c9952cfcafc749d4ebed61bb8b3065e1) Importer(815301076,1909f56bfc062723c751e8b465ee728b)
Start importing Assets/Images/Flip@2x.png using Guid(c9952cfcafc749d4ebed61bb8b3065e1) Importer(815301076,1909f56bfc062723c751e8b465ee728b)  -> (artifact id: '1260ed0eb6ea37528052da45157aaed9') in 0.053284 seconds 
========================================================================
Received Import Request.
  Time since last request: 183.705592 seconds.
  path: Assets/Images/HelpMenu/Mouse@2x.png
  artifactKey: Guid(67cf5f597a63e994bac012c222bcb45f) Importer(815301076,1909f56bfc062723c751e8b465ee728b)
Start importing Assets/Images/HelpMenu/Mouse@2x.png using Guid(67cf5f597a63e994bac012c222bcb45f) Importer(815301076,1909f56bfc062723c751e8b465ee728b)  -> (artifact id: 'cb975ffe756731f94382b5460dc218af') in 0.036644 seconds 
========================================================================
Received Import Request.
  Time since last request: 0.000027 seconds.
  path: Assets/Images/HelpMenu/waveform@2x.png
  artifactKey: Guid(f707505ad1838924ebbf5e2c46afc7ea) Importer(815301076,1909f56bfc062723c751e8b465ee728b)
Start importing Assets/Images/HelpMenu/waveform@2x.png using Guid(f707505ad1838924ebbf5e2c46afc7ea) Importer(815301076,1909f56bfc062723c751e8b465ee728b)  -> (artifact id: '9815c3d48f1e499a63116265f68b2ec4') in 0.032699 seconds 
========================================================================
Received Import Request.
  Time since last request: 2.747220 seconds.
  path: Assets/Images/HoverTarget/hover_angle.png
  artifactKey: Guid(ad725309effc3eb4f911faf033c0ce05) Importer(815301076,1909f56bfc062723c751e8b465ee728b)
Start importing Assets/Images/HoverTarget/hover_angle.png using Guid(ad725309effc3eb4f911faf033c0ce05) Importer(815301076,1909f56bfc062723c751e8b465ee728b)  -> (artifact id: 'e300c10c684f019b7b452de78fed6d8c') in 0.032295 seconds 
========================================================================
Received Import Request.
  Time since last request: 0.000024 seconds.
  path: Assets/Images/HoverTarget/hover_melee.png
  artifactKey: Guid(7c0e3d1706ff2c54d98ef87d72b3b36a) Importer(815301076,1909f56bfc062723c751e8b465ee728b)
Start importing Assets/Images/HoverTarget/hover_melee.png using Guid(7c0e3d1706ff2c54d98ef87d72b3b36a) Importer(815301076,1909f56bfc062723c751e8b465ee728b)  -> (artifact id: '3f23a07c7fd42d85fc189918f1532e9d') in 0.029930 seconds 
========================================================================
Received Import Request.
  Time since last request: 0.000019 seconds.
  path: Assets/Images/HoverTarget/hover_chainstart.png
  artifactKey: Guid(24dfecddcec5e3b478f3edd46867a6c6) Importer(815301076,1909f56bfc062723c751e8b465ee728b)
Start importing Assets/Images/HoverTarget/hover_chainstart.png using Guid(24dfecddcec5e3b478f3edd46867a6c6) Importer(815301076,1909f56bfc062723c751e8b465ee728b)  -> (artifact id: '9c75e293ebd601dec5b704c2a97b2c11') in 0.023123 seconds 
========================================================================
Received Import Request.
  Time since last request: 2.410461 seconds.
  path: Assets/Images/NoteOverlays/hold_overlay.png
  artifactKey: Guid(7c0f0ae46f5964444b891b2b5999d4e3) Importer(815301076,1909f56bfc062723c751e8b465ee728b)
Start importing Assets/Images/NoteOverlays/hold_overlay.png using Guid(7c0f0ae46f5964444b891b2b5999d4e3) Importer(815301076,1909f56bfc062723c751e8b465ee728b)  -> (artifact id: '8bbde44783480155298aaec59fb78b9f') in 0.039354 seconds 
========================================================================
Received Import Request.
  Time since last request: 0.000025 seconds.
  path: Assets/Images/NoteOverlays/melee_overlay.png
  artifactKey: Guid(0c393b7d630dbaa4daab05495417fc70) Importer(815301076,1909f56bfc062723c751e8b465ee728b)
Start importing Assets/Images/NoteOverlays/melee_overlay.png using Guid(0c393b7d630dbaa4daab05495417fc70) Importer(815301076,1909f56bfc062723c751e8b465ee728b)  -> (artifact id: '4914a0c2d8a0acced65f03242126bcf5') in 0.036020 seconds 
========================================================================
Received Import Request.
  Time since last request: 2.316967 seconds.
  path: Assets/Images/SelectedNotes/selected_angle.png
  artifactKey: Guid(ad0d208417443f74597ca48322acc4ed) Importer(815301076,1909f56bfc062723c751e8b465ee728b)
Start importing Assets/Images/SelectedNotes/selected_angle.png using Guid(ad0d208417443f74597ca48322acc4ed) Importer(815301076,1909f56bfc062723c751e8b465ee728b)  -> (artifact id: 'dbb82e276586188bb358272474b6305b') in 0.036095 seconds 
========================================================================
Received Import Request.
  Time since last request: 1.751292 seconds.
  path: Assets/Images/Telegraphs/dirt.jpg
  artifactKey: Guid(08290cebd0225824eb379a931b208f5d) Importer(815301076,1909f56bfc062723c751e8b465ee728b)
Start importing Assets/Images/Telegraphs/dirt.jpg using Guid(08290cebd0225824eb379a931b208f5d) Importer(815301076,1909f56bfc062723c751e8b465ee728b)  -> (artifact id: 'faf95f6d59ad2ff61f548ac9024ac7ed') in 0.020195 seconds 
========================================================================
Received Import Request.
  Time since last request: 1.782054 seconds.
  path: Assets/Images/ToolbarIcons/punch.png
  artifactKey: Guid(98f5d44b943a5cf409e887900bc5511e) Importer(815301076,1909f56bfc062723c751e8b465ee728b)
Start importing Assets/Images/ToolbarIcons/punch.png using Guid(98f5d44b943a5cf409e887900bc5511e) Importer(815301076,1909f56bfc062723c751e8b465ee728b)  -> (artifact id: '588c96a747d9a36f73671a47c0141261') in 0.061469 seconds 
Editor requested this worker to shutdown with reason: Scaling down because of idle timeout
AssetImportWorker is now disconnected from the server
Process exiting
Exiting without the bug reporter. Application will terminate with return code 0